  Using 'git status' to determine working set for adaptive non-unity build (U:\SilentRed).
  Creating makefile for SilentRedEditor (no existing makefile)
  Parsing headers for SilentRedEditor
    Running UnrealHeaderTool "U:\SilentRed\SilentRed\SilentRed.uproject" "U:\SilentRed\SilentRed\Intermediate\Build\Win64\SilentRedEditor\Development\SilentRedEditor.uhtmanifest" -LogCmds="loginit warning, logexit warning, logdatabase error" -Unattended -WarningsAsErrors -abslog="C:\Users\Keith\AppData\Local\UnrealBuildTool\Log_UHT.txt" -installed
  Reflection code generated for SilentRedEditor in 6.1126463 seconds
  Building SilentRedEditor...
  Using Visual Studio 2019 14.27.29111 toolchain (C:\Program Files (x86)\Microsoft Visual Studio\2019\Community\VC\Tools\MSVC\14.27.29110) and Windows 10.0.18362.0 SDK (C:\Program Files (x86)\Windows Kits\10).
  Building 9 actions with 24 processes...
    [1/9] Default.rc2
    [2/9] SharedPCH.Engine.ShadowErrors.cpp
    [3/9] SilentRed.cpp
    [4/9] SilentRed.init.gen.cpp
    [5/9] SilentRedGameModeBase.cpp
    [6/9] SilentRedGameModeBase.gen.cpp
    [7/9] UE4Editor-SilentRed.lib
       Creating library U:\SilentRed\SilentRed\Intermediate\Build\Win64\UE4Editor\Development\SilentRed\UE4Editor-SilentRed.lib and object U:\SilentRed\SilentRed\Intermediate\Build\Win64\UE4Editor\Development\SilentRed\UE4Editor-SilentRed.exp
    [8/9] UE4Editor-SilentRed.dll
       Creating library U:\SilentRed\SilentRed\Intermediate\Build\Win64\UE4Editor\Development\SilentRed\UE4Editor-SilentRed.suppressed.lib and object U:\SilentRed\SilentRed\Intermediate\Build\Win64\UE4Editor\Development\SilentRed\UE4Editor-SilentRed.suppressed.exp
    [9/9] SilentRedEditor.target
  Total time in Parallel executor: 23.59 seconds
  Total execution time: 32.36 seconds
